mode: set
github.com/good-night-oppie/helios-engine/internal/util/hash.go:12.85,13.19 1 1
github.com/good-night-oppie/helios-engine/internal/util/hash.go:14.20,16.66 2 1
github.com/good-night-oppie/helios-engine/internal/util/hash.go:17.20,19.66 2 1
github.com/good-night-oppie/helios-engine/internal/util/hash.go:20.10,21.64 1 1
github.com/good-night-oppie/helios-engine/pkg/helios/types/types.go:19.31,21.2 1 1
github.com/good-night-oppie/helios-engine/pkg/helios/types/types.go:19.31,21.2 1 0
github.com/good-night-oppie/helios-engine/pkg/helios/types/types.go:19.31,21.2 1 0
github.com/good-night-oppie/helios-engine/pkg/helios/vst/vst.go:23.17,28.2 1 1
github.com/good-night-oppie/helios-engine/pkg/helios/vst/vst.go:31.54,35.2 3 1
github.com/good-night-oppie/helios-engine/pkg/helios/vst/vst.go:38.44,40.9 2 1
github.com/good-night-oppie/helios-engine/pkg/helios/vst/vst.go:40.9,42.3 1 0
github.com/good-night-oppie/helios-engine/pkg/helios/vst/vst.go:43.2,45.11 3 1
github.com/good-night-oppie/helios-engine/pkg/helios/vst/vst.go:49.81,57.28 6 1
github.com/good-night-oppie/helios-engine/pkg/helios/vst/vst.go:57.28,62.3 4 1
github.com/good-night-oppie/helios-engine/pkg/helios/vst/vst.go:63.2,69.8 2 1
github.com/good-night-oppie/helios-engine/pkg/helios/vst/vst.go:73.50,75.9 2 1
github.com/good-night-oppie/helios-engine/pkg/helios/vst/vst.go:75.9,77.3 1 0
github.com/good-night-oppie/helios-engine/pkg/helios/vst/vst.go:78.2,79.27 2 1
github.com/good-night-oppie/helios-engine/pkg/helios/vst/vst.go:79.27,83.3 3 1
github.com/good-night-oppie/helios-engine/pkg/helios/vst/vst.go:84.2,85.12 2 1
github.com/good-night-oppie/helios-engine/pkg/helios/vst/vst.go:89.72,92.17 3 1
github.com/good-night-oppie/helios-engine/pkg/helios/vst/vst.go:92.17,94.3 1 0
github.com/good-night-oppie/helios-engine/pkg/helios/vst/vst.go:95.2,96.28 2 1
github.com/good-night-oppie/helios-engine/pkg/helios/vst/vst.go:96.28,97.31 1 1
github.com/good-night-oppie/helios-engine/pkg/helios/vst/vst.go:97.31,99.4 1 0
github.com/good-night-oppie/helios-engine/pkg/helios/vst/vst.go:99.9,99.37 1 1
github.com/good-night-oppie/helios-engine/pkg/helios/vst/vst.go:99.37,101.4 1 1
github.com/good-night-oppie/helios-engine/pkg/helios/vst/vst.go:103.2,103.22 1 1
github.com/good-night-oppie/helios-engine/pkg/helios/vst/vst.go:103.22,104.28 1 1
github.com/good-night-oppie/helios-engine/pkg/helios/vst/vst.go:104.28,106.4 1 0
github.com/good-night-oppie/helios-engine/pkg/helios/vst/vst.go:108.2,108.16 1 1
github.com/good-night-oppie/helios-engine/pkg/helios/vst/vst.go:112.109,115.9 3 1
github.com/good-night-oppie/helios-engine/pkg/helios/vst/vst.go:115.9,117.3 1 0
github.com/good-night-oppie/helios-engine/pkg/helios/vst/vst.go:119.2,120.34 2 1
github.com/good-night-oppie/helios-engine/pkg/helios/vst/vst.go:120.34,122.63 2 1
github.com/good-night-oppie/helios-engine/pkg/helios/vst/vst.go:122.63,124.4 1 0
github.com/good-night-oppie/helios-engine/pkg/helios/vst/vst.go:125.3,125.59 1 1
github.com/good-night-oppie/helios-engine/pkg/helios/vst/vst.go:125.59,127.4 1 0
github.com/good-night-oppie/helios-engine/pkg/helios/vst/vst.go:128.3,128.36 1 1
github.com/good-night-oppie/helios-engine/pkg/helios/vst/vst.go:130.2,134.8 1 1
github.com/good-night-oppie/helios-engine/pkg/helios/vst/vst.go:137.35,138.22 1 1
github.com/good-night-oppie/helios-engine/pkg/helios/vst/vst.go:138.22,140.3 1 1
github.com/good-night-oppie/helios-engine/pkg/helios/vst/vst.go:141.2,141.19 1 1
github.com/good-night-oppie/helios-engine/pkg/helios/vst/vst.go:141.19,142.19 1 1
github.com/good-night-oppie/helios-engine/pkg/helios/vst/vst.go:142.19,144.4 1 0
github.com/good-night-oppie/helios-engine/pkg/helios/vst/vst.go:146.2,146.13 1 1
