mode: set
github.com/good-night-oppie/helios-engine/internal/metrics/engine_metrics.go:18.40,22.2 1 1
github.com/good-night-oppie/helios-engine/internal/metrics/engine_metrics.go:24.63,28.2 3 1
github.com/good-night-oppie/helios-engine/internal/metrics/engine_metrics.go:30.49,31.12 1 1
github.com/good-night-oppie/helios-engine/internal/metrics/engine_metrics.go:31.12,33.3 1 1
github.com/good-night-oppie/helios-engine/internal/metrics/engine_metrics.go:34.2,36.15 3 1
github.com/good-night-oppie/helios-engine/internal/metrics/engine_metrics.go:39.47,40.12 1 1
github.com/good-night-oppie/helios-engine/internal/metrics/engine_metrics.go:40.12,42.3 1 1
github.com/good-night-oppie/helios-engine/internal/metrics/engine_metrics.go:43.2,45.15 3 1
github.com/good-night-oppie/helios-engine/internal/metrics/engine_metrics.go:58.45,73.2 6 1
github.com/good-night-oppie/helios-engine/internal/metrics/engine_metrics.go:75.50,76.22 1 1
github.com/good-night-oppie/helios-engine/internal/metrics/engine_metrics.go:76.22,78.3 1 1
github.com/good-night-oppie/helios-engine/internal/metrics/engine_metrics.go:79.2,83.14 5 1
github.com/good-night-oppie/helios-engine/internal/metrics/engine_metrics.go:86.42,87.12 1 1
github.com/good-night-oppie/helios-engine/internal/metrics/engine_metrics.go:87.12,89.13 2 1
github.com/good-night-oppie/helios-engine/internal/metrics/engine_metrics.go:89.13,91.4 1 1
github.com/good-night-oppie/helios-engine/internal/metrics/engine_metrics.go:91.9,91.19 1 1
github.com/good-night-oppie/helios-engine/internal/metrics/engine_metrics.go:91.19,93.4 1 1
github.com/good-night-oppie/helios-engine/internal/metrics/engine_metrics.go:93.9,95.4 1 0
github.com/good-night-oppie/helios-engine/internal/metrics/engine_metrics.go:99.41,102.25 3 1
github.com/good-night-oppie/helios-engine/internal/metrics/engine_metrics.go:102.25,103.15 1 1
github.com/good-night-oppie/helios-engine/internal/metrics/engine_metrics.go:103.15,106.4 2 1
github.com/good-night-oppie/helios-engine/internal/metrics/engine_metrics.go:108.2,109.10 2 1
github.com/good-night-oppie/helios-engine/internal/util/hash.go:12.85,13.19 1 1
github.com/good-night-oppie/helios-engine/internal/util/hash.go:14.20,16.66 2 1
github.com/good-night-oppie/helios-engine/internal/util/hash.go:17.20,19.66 2 1
github.com/good-night-oppie/helios-engine/internal/util/hash.go:20.10,21.64 1 1
github.com/good-night-oppie/helios-engine/internal/util/merkle.go:11.51,13.2 1 1
github.com/good-night-oppie/helios-engine/internal/util/merkle.go:18.53,22.2 3 1
github.com/good-night-oppie/helios-engine/pkg/helios/l1cache/l1cache.go:51.37,52.27 1 1
github.com/good-night-oppie/helios-engine/pkg/helios/l1cache/l1cache.go:52.27,54.3 1 1
github.com/good-night-oppie/helios-engine/pkg/helios/l1cache/l1cache.go:55.2,56.16 2 1
github.com/good-night-oppie/helios-engine/pkg/helios/l1cache/l1cache.go:56.16,58.3 1 0
github.com/good-night-oppie/helios-engine/pkg/helios/l1cache/l1cache.go:59.2,60.16 2 1
github.com/good-night-oppie/helios-engine/pkg/helios/l1cache/l1cache.go:60.16,62.3 1 0
github.com/good-night-oppie/helios-engine/pkg/helios/l1cache/l1cache.go:63.2,70.8 1 1
github.com/good-night-oppie/helios-engine/pkg/helios/l1cache/l1cache.go:73.42,73.63 1 1
github.com/good-night-oppie/helios-engine/pkg/helios/l1cache/l1cache.go:75.59,76.21 1 1
github.com/good-night-oppie/helios-engine/pkg/helios/l1cache/l1cache.go:76.21,78.3 1 1
github.com/good-night-oppie/helios-engine/pkg/helios/l1cache/l1cache.go:79.2,87.17 7 1
github.com/good-night-oppie/helios-engine/pkg/helios/l1cache/l1cache.go:87.17,89.27 2 1
github.com/good-night-oppie/helios-engine/pkg/helios/l1cache/l1cache.go:89.27,92.4 2 1
github.com/good-night-oppie/helios-engine/pkg/helios/l1cache/l1cache.go:94.2,94.18 1 1
github.com/good-night-oppie/helios-engine/pkg/helios/l1cache/l1cache.go:94.18,97.3 2 1
github.com/good-night-oppie/helios-engine/pkg/helios/l1cache/l1cache.go:98.2,99.23 2 1
github.com/good-night-oppie/helios-engine/pkg/helios/l1cache/l1cache.go:99.23,102.3 1 1
github.com/good-night-oppie/helios-engine/pkg/helios/l1cache/l1cache.go:105.2,105.33 1 1
github.com/good-night-oppie/helios-engine/pkg/helios/l1cache/l1cache.go:105.33,110.3 4 1
github.com/good-night-oppie/helios-engine/pkg/helios/l1cache/l1cache.go:113.2,113.56 1 1
github.com/good-night-oppie/helios-engine/pkg/helios/l1cache/l1cache.go:113.56,116.39 3 1
github.com/good-night-oppie/helios-engine/pkg/helios/l1cache/l1cache.go:116.39,121.4 4 1
github.com/good-night-oppie/helios-engine/pkg/helios/l1cache/l1cache.go:124.2,130.31 7 1
github.com/good-night-oppie/helios-engine/pkg/helios/l1cache/l1cache.go:133.50,134.21 1 1
github.com/good-night-oppie/helios-engine/pkg/helios/l1cache/l1cache.go:134.21,136.3 1 1
github.com/good-night-oppie/helios-engine/pkg/helios/l1cache/l1cache.go:137.2,143.9 5 1
github.com/good-night-oppie/helios-engine/pkg/helios/l1cache/l1cache.go:143.9,146.3 2 1
github.com/good-night-oppie/helios-engine/pkg/helios/l1cache/l1cache.go:148.2,148.20 1 1
github.com/good-night-oppie/helios-engine/pkg/helios/l1cache/l1cache.go:148.20,150.17 2 0
github.com/good-night-oppie/helios-engine/pkg/helios/l1cache/l1cache.go:150.17,154.4 2 0
github.com/good-night-oppie/helios-engine/pkg/helios/l1cache/l1cache.go:155.3,156.19 2 0
github.com/good-night-oppie/helios-engine/pkg/helios/l1cache/l1cache.go:159.2,162.18 4 1
github.com/good-night-oppie/helios-engine/pkg/helios/l1cache/l1cache.go:165.36,171.2 5 1
github.com/good-night-oppie/helios-engine/pkg/helios/l1cache/l1cache.go:173.43,174.25 1 1
github.com/good-night-oppie/helios-engine/pkg/helios/l1cache/l1cache.go:174.25,175.22 1 1
github.com/good-night-oppie/helios-engine/pkg/helios/l1cache/l1cache.go:175.22,179.4 3 1
github.com/good-night-oppie/helios-engine/pkg/helios/types/types.go:19.31,21.2 1 1
github.com/good-night-oppie/helios-engine/pkg/helios/objstore/objstore.go:32.51,36.16 4 1
github.com/good-night-oppie/helios-engine/pkg/helios/objstore/objstore.go:36.16,38.3 1 0
github.com/good-night-oppie/helios-engine/pkg/helios/objstore/objstore.go:39.2,43.8 1 1
github.com/good-night-oppie/helios-engine/pkg/helios/objstore/objstore.go:46.36,47.17 1 1
github.com/good-night-oppie/helios-engine/pkg/helios/objstore/objstore.go:47.17,49.3 1 1
github.com/good-night-oppie/helios-engine/pkg/helios/objstore/objstore.go:50.2,50.17 1 1
github.com/good-night-oppie/helios-engine/pkg/helios/objstore/objstore.go:50.17,52.3 1 1
github.com/good-night-oppie/helios-engine/pkg/helios/objstore/objstore.go:53.2,53.17 1 1
github.com/good-night-oppie/helios-engine/pkg/helios/objstore/objstore.go:53.17,55.3 1 1
github.com/good-night-oppie/helios-engine/pkg/helios/objstore/objstore.go:56.2,56.12 1 1
github.com/good-night-oppie/helios-engine/pkg/helios/objstore/objstore.go:60.57,62.30 1 1
github.com/good-night-oppie/helios-engine/pkg/helios/objstore/objstore.go:62.30,63.25 1 1
github.com/good-night-oppie/helios-engine/pkg/helios/objstore/objstore.go:63.25,65.4 1 1
github.com/good-night-oppie/helios-engine/pkg/helios/objstore/objstore.go:68.2,72.30 3 1
github.com/good-night-oppie/helios-engine/pkg/helios/objstore/objstore.go:72.30,75.3 2 1
github.com/good-night-oppie/helios-engine/pkg/helios/objstore/objstore.go:77.2,77.29 1 1
github.com/good-night-oppie/helios-engine/pkg/helios/objstore/objstore.go:81.62,84.16 3 1
github.com/good-night-oppie/helios-engine/pkg/helios/objstore/objstore.go:84.16,86.3 1 0
github.com/good-night-oppie/helios-engine/pkg/helios/objstore/objstore.go:87.2,88.19 2 1
github.com/good-night-oppie/helios-engine/pkg/helios/objstore/objstore.go:88.19,90.3 1 1
github.com/good-night-oppie/helios-engine/pkg/helios/objstore/objstore.go:91.2,93.24 3 1
github.com/good-night-oppie/helios-engine/pkg/helios/vst/diff.go:10.72,12.9 2 1
github.com/good-night-oppie/helios-engine/pkg/helios/vst/diff.go:12.9,14.3 1 0
github.com/good-night-oppie/helios-engine/pkg/helios/vst/diff.go:16.2,17.9 2 1
github.com/good-night-oppie/helios-engine/pkg/helios/vst/diff.go:17.9,19.3 1 0
github.com/good-night-oppie/helios-engine/pkg/helios/vst/diff.go:21.2,24.42 2 1
github.com/good-night-oppie/helios-engine/pkg/helios/vst/diff.go:24.42,25.49 1 1
github.com/good-night-oppie/helios-engine/pkg/helios/vst/diff.go:25.49,28.4 1 1
github.com/good-night-oppie/helios-engine/pkg/helios/vst/diff.go:28.9,28.49 1 1
github.com/good-night-oppie/helios-engine/pkg/helios/vst/diff.go:28.49,31.4 1 1
github.com/good-night-oppie/helios-engine/pkg/helios/vst/diff.go:35.2,35.27 1 1
github.com/good-night-oppie/helios-engine/pkg/helios/vst/diff.go:35.27,36.43 1 1
github.com/good-night-oppie/helios-engine/pkg/helios/vst/diff.go:36.43,39.4 1 1
github.com/good-night-oppie/helios-engine/pkg/helios/vst/diff.go:42.2,42.19 1 1
github.com/good-night-oppie/helios-engine/pkg/helios/vst/materialize.go:13.112,16.9 3 1
github.com/good-night-oppie/helios-engine/pkg/helios/vst/materialize.go:16.9,18.3 1 0
github.com/good-night-oppie/helios-engine/pkg/helios/vst/materialize.go:20.2,23.34 3 1
github.com/good-night-oppie/helios-engine/pkg/helios/vst/materialize.go:23.34,25.37 1 1
github.com/good-night-oppie/helios-engine/pkg/helios/vst/materialize.go:25.37,26.12 1 1
github.com/good-night-oppie/helios-engine/pkg/helios/vst/materialize.go:29.3,30.63 2 1
github.com/good-night-oppie/helios-engine/pkg/helios/vst/materialize.go:30.63,32.4 1 0
github.com/good-night-oppie/helios-engine/pkg/helios/vst/materialize.go:33.3,33.59 1 1
github.com/good-night-oppie/helios-engine/pkg/helios/vst/materialize.go:33.59,35.4 1 0
github.com/good-night-oppie/helios-engine/pkg/helios/vst/materialize.go:36.3,37.17 2 1
github.com/good-night-oppie/helios-engine/pkg/helios/vst/materialize.go:40.2,44.8 1 1
github.com/good-night-oppie/helios-engine/pkg/helios/vst/materialize.go:48.62,50.27 1 1
github.com/good-night-oppie/helios-engine/pkg/helios/vst/materialize.go:50.27,52.40 2 1
github.com/good-night-oppie/helios-engine/pkg/helios/vst/materialize.go:52.40,53.32 1 1
github.com/good-night-oppie/helios-engine/pkg/helios/vst/materialize.go:53.32,55.10 2 1
github.com/good-night-oppie/helios-engine/pkg/helios/vst/materialize.go:58.3,58.15 1 1
github.com/good-night-oppie/helios-engine/pkg/helios/vst/materialize.go:58.15,60.4 1 1
github.com/good-night-oppie/helios-engine/pkg/helios/vst/materialize.go:64.2,64.27 1 1
github.com/good-night-oppie/helios-engine/pkg/helios/vst/materialize.go:64.27,65.40 1 1
github.com/good-night-oppie/helios-engine/pkg/helios/vst/materialize.go:65.40,66.32 1 1
github.com/good-night-oppie/helios-engine/pkg/helios/vst/materialize.go:66.32,68.5 1 1
github.com/good-night-oppie/helios-engine/pkg/helios/vst/materialize.go:72.2,72.13 1 1
github.com/good-night-oppie/helios-engine/pkg/helios/vst/materialize.go:77.43,79.58 1 1
github.com/good-night-oppie/helios-engine/pkg/helios/vst/materialize.go:79.58,82.3 2 1
github.com/good-night-oppie/helios-engine/pkg/helios/vst/materialize.go:85.2,86.16 2 1
github.com/good-night-oppie/helios-engine/pkg/helios/vst/vst.go:32.17,39.2 1 1
github.com/good-night-oppie/helios-engine/pkg/helios/vst/vst.go:42.65,45.2 2 1
github.com/good-night-oppie/helios-engine/pkg/helios/vst/vst.go:48.60,53.2 4 1
github.com/good-night-oppie/helios-engine/pkg/helios/vst/vst.go:56.39,58.2 1 1
github.com/good-night-oppie/helios-engine/pkg/helios/vst/vst.go:62.53,65.8 2 1
github.com/good-night-oppie/helios-engine/pkg/helios/vst/vst.go:65.8,69.3 3 1
github.com/good-night-oppie/helios-engine/pkg/helios/vst/vst.go:72.2,73.14 2 1
github.com/good-night-oppie/helios-engine/pkg/helios/vst/vst.go:73.14,75.3 1 1
github.com/good-night-oppie/helios-engine/pkg/helios/vst/vst.go:78.2,78.17 1 0
github.com/good-night-oppie/helios-engine/pkg/helios/vst/vst.go:78.17,79.37 1 0
github.com/good-night-oppie/helios-engine/pkg/helios/vst/vst.go:79.37,82.4 1 0
github.com/good-night-oppie/helios-engine/pkg/helios/vst/vst.go:87.2,87.17 1 0
github.com/good-night-oppie/helios-engine/pkg/helios/vst/vst.go:87.17,89.17 2 0
github.com/good-night-oppie/helios-engine/pkg/helios/vst/vst.go:89.17,91.4 1 0
github.com/good-night-oppie/helios-engine/pkg/helios/vst/vst.go:92.3,92.9 1 0
github.com/good-night-oppie/helios-engine/pkg/helios/vst/vst.go:92.9,94.19 1 0
github.com/good-night-oppie/helios-engine/pkg/helios/vst/vst.go:94.19,96.5 1 0
github.com/good-night-oppie/helios-engine/pkg/helios/vst/vst.go:97.4,97.20 1 0
github.com/good-night-oppie/helios-engine/pkg/helios/vst/vst.go:101.2,101.17 1 0
github.com/good-night-oppie/helios-engine/pkg/helios/vst/vst.go:105.81,111.28 4 1
github.com/good-night-oppie/helios-engine/pkg/helios/vst/vst.go:111.28,116.3 4 1
github.com/good-night-oppie/helios-engine/pkg/helios/vst/vst.go:123.2,125.35 3 1
github.com/good-night-oppie/helios-engine/pkg/helios/vst/vst.go:125.35,127.17 2 1
github.com/good-night-oppie/helios-engine/pkg/helios/vst/vst.go:127.17,129.4 1 0
github.com/good-night-oppie/helios-engine/pkg/helios/vst/vst.go:130.3,135.18 3 1
github.com/good-night-oppie/helios-engine/pkg/helios/vst/vst.go:135.18,140.4 1 1
github.com/good-night-oppie/helios-engine/pkg/helios/vst/vst.go:144.2,144.42 1 1
github.com/good-night-oppie/helios-engine/pkg/helios/vst/vst.go:144.42,145.53 1 1
github.com/good-night-oppie/helios-engine/pkg/helios/vst/vst.go:145.53,147.4 1 0
github.com/good-night-oppie/helios-engine/pkg/helios/vst/vst.go:151.2,152.60 2 1
github.com/good-night-oppie/helios-engine/pkg/helios/vst/vst.go:152.60,154.3 1 1
github.com/good-night-oppie/helios-engine/pkg/helios/vst/vst.go:157.2,157.38 1 1
github.com/good-night-oppie/helios-engine/pkg/helios/vst/vst.go:157.38,159.31 2 1
github.com/good-night-oppie/helios-engine/pkg/helios/vst/vst.go:159.31,161.4 1 1
github.com/good-night-oppie/helios-engine/pkg/helios/vst/vst.go:162.3,167.18 4 1
github.com/good-night-oppie/helios-engine/pkg/helios/vst/vst.go:167.18,170.31 3 1
github.com/good-night-oppie/helios-engine/pkg/helios/vst/vst.go:170.31,172.5 1 0
github.com/good-night-oppie/helios-engine/pkg/helios/vst/vst.go:175.3,175.22 1 1
github.com/good-night-oppie/helios-engine/pkg/helios/vst/vst.go:180.2,181.28 2 1
github.com/good-night-oppie/helios-engine/pkg/helios/vst/vst.go:181.28,183.3 1 1
github.com/good-night-oppie/helios-engine/pkg/helios/vst/vst.go:184.2,184.42 1 1
github.com/good-night-oppie/helios-engine/pkg/helios/vst/vst.go:184.42,186.15 2 1
github.com/good-night-oppie/helios-engine/pkg/helios/vst/vst.go:186.15,188.4 1 1
github.com/good-night-oppie/helios-engine/pkg/helios/vst/vst.go:189.3,189.17 1 0
github.com/good-night-oppie/helios-engine/pkg/helios/vst/vst.go:192.2,193.28 2 1
github.com/good-night-oppie/helios-engine/pkg/helios/vst/vst.go:193.28,200.37 2 1
github.com/good-night-oppie/helios-engine/pkg/helios/vst/vst.go:200.37,202.46 1 1
github.com/good-night-oppie/helios-engine/pkg/helios/vst/vst.go:202.46,203.13 1 1
github.com/good-night-oppie/helios-engine/pkg/helios/vst/vst.go:205.4,205.34 1 1
github.com/good-night-oppie/helios-engine/pkg/helios/vst/vst.go:211.3,211.33 1 1
github.com/good-night-oppie/helios-engine/pkg/helios/vst/vst.go:211.33,212.18 1 1
github.com/good-night-oppie/helios-engine/pkg/helios/vst/vst.go:212.18,213.13 1 1
github.com/good-night-oppie/helios-engine/pkg/helios/vst/vst.go:216.4,216.32 1 1
github.com/good-night-oppie/helios-engine/pkg/helios/vst/vst.go:216.32,217.37 1 1
github.com/good-night-oppie/helios-engine/pkg/helios/vst/vst.go:217.37,219.33 2 1
github.com/good-night-oppie/helios-engine/pkg/helios/vst/vst.go:219.33,220.15 1 0
github.com/good-night-oppie/helios-engine/pkg/helios/vst/vst.go:222.6,222.80 1 1
github.com/good-night-oppie/helios-engine/pkg/helios/vst/vst.go:228.3,229.17 2 1
github.com/good-night-oppie/helios-engine/pkg/helios/vst/vst.go:229.17,231.4 1 0
github.com/good-night-oppie/helios-engine/pkg/helios/vst/vst.go:232.3,232.18 1 1
github.com/good-night-oppie/helios-engine/pkg/helios/vst/vst.go:235.2,236.39 2 1
github.com/good-night-oppie/helios-engine/pkg/helios/vst/vst.go:236.39,239.17 2 1
github.com/good-night-oppie/helios-engine/pkg/helios/vst/vst.go:239.17,241.4 1 0
github.com/good-night-oppie/helios-engine/pkg/helios/vst/vst.go:242.3,242.11 1 1
github.com/good-night-oppie/helios-engine/pkg/helios/vst/vst.go:245.2,257.17 4 1
github.com/good-night-oppie/helios-engine/pkg/helios/vst/vst.go:257.17,261.3 3 1
github.com/good-night-oppie/helios-engine/pkg/helios/vst/vst.go:263.2,263.31 1 1
github.com/good-night-oppie/helios-engine/pkg/helios/vst/vst.go:266.26,267.37 1 1
github.com/good-night-oppie/helios-engine/pkg/helios/vst/vst.go:267.37,269.3 1 1
github.com/good-night-oppie/helios-engine/pkg/helios/vst/vst.go:270.2,270.67 1 1
github.com/good-night-oppie/helios-engine/pkg/helios/vst/vst.go:274.50,276.9 2 1
github.com/good-night-oppie/helios-engine/pkg/helios/vst/vst.go:276.9,278.3 1 1
github.com/good-night-oppie/helios-engine/pkg/helios/vst/vst.go:279.2,281.27 3 1
github.com/good-night-oppie/helios-engine/pkg/helios/vst/vst.go:281.27,287.17 5 1
github.com/good-night-oppie/helios-engine/pkg/helios/vst/vst.go:287.17,289.4 1 0
github.com/good-night-oppie/helios-engine/pkg/helios/vst/vst.go:290.3,290.20 1 1
github.com/good-night-oppie/helios-engine/pkg/helios/vst/vst.go:292.2,294.12 3 1
github.com/good-night-oppie/helios-engine/pkg/helios/vst/vst.go:297.35,298.22 1 1
github.com/good-night-oppie/helios-engine/pkg/helios/vst/vst.go:298.22,300.3 1 1
github.com/good-night-oppie/helios-engine/pkg/helios/vst/vst.go:301.2,301.19 1 1
github.com/good-night-oppie/helios-engine/pkg/helios/vst/vst.go:301.19,302.19 1 1
github.com/good-night-oppie/helios-engine/pkg/helios/vst/vst.go:302.19,304.4 1 1
github.com/good-night-oppie/helios-engine/pkg/helios/vst/vst.go:306.2,306.13 1 1
github.com/good-night-oppie/helios-engine/pkg/helios/vst/vst.go:310.44,311.17 1 1
github.com/good-night-oppie/helios-engine/pkg/helios/vst/vst.go:311.17,313.3 1 0
github.com/good-night-oppie/helios-engine/pkg/helios/vst/vst.go:314.2,314.29 1 1
github.com/good-night-oppie/helios-engine/pkg/helios/vst/vst.go:318.56,319.17 1 1
github.com/good-night-oppie/helios-engine/pkg/helios/vst/vst.go:319.17,321.3 1 0
github.com/good-night-oppie/helios-engine/pkg/helios/vst/vst.go:322.2,322.24 1 1
github.com/good-night-oppie/helios-engine/cmd/helios-cli/internal/cli/cli.go:41.66,42.19 1 1
github.com/good-night-oppie/helios-engine/cmd/helios-cli/internal/cli/cli.go:42.19,43.43 1 1
github.com/good-night-oppie/helios-engine/cmd/helios-cli/internal/cli/cli.go:43.43,45.4 1 0
github.com/good-night-oppie/helios-engine/cmd/helios-cli/internal/cli/cli.go:48.2,49.16 2 1
github.com/good-night-oppie/helios-engine/cmd/helios-cli/internal/cli/cli.go:49.16,51.3 1 1
github.com/good-night-oppie/helios-engine/cmd/helios-cli/internal/cli/cli.go:53.2,54.16 2 1
github.com/good-night-oppie/helios-engine/cmd/helios-cli/internal/cli/cli.go:54.16,56.3 1 1
github.com/good-night-oppie/helios-engine/cmd/helios-cli/internal/cli/cli.go:58.2,61.39 2 1
github.com/good-night-oppie/helios-engine/cmd/helios-cli/internal/cli/cli.go:65.62,66.14 1 1
github.com/good-night-oppie/helios-engine/cmd/helios-cli/internal/cli/cli.go:66.14,68.3 1 1
github.com/good-night-oppie/helios-engine/cmd/helios-cli/internal/cli/cli.go:70.2,71.16 2 1
github.com/good-night-oppie/helios-engine/cmd/helios-cli/internal/cli/cli.go:71.16,73.3 1 1
github.com/good-night-oppie/helios-engine/cmd/helios-cli/internal/cli/cli.go:75.2,75.58 1 1
github.com/good-night-oppie/helios-engine/cmd/helios-cli/internal/cli/cli.go:75.58,77.3 1 1
github.com/good-night-oppie/helios-engine/cmd/helios-cli/internal/cli/cli.go:79.2,80.39 2 1
github.com/good-night-oppie/helios-engine/cmd/helios-cli/internal/cli/cli.go:84.65,85.28 1 1
github.com/good-night-oppie/helios-engine/cmd/helios-cli/internal/cli/cli.go:85.28,87.3 1 1
github.com/good-night-oppie/helios-engine/cmd/helios-cli/internal/cli/cli.go:89.2,90.16 2 1
github.com/good-night-oppie/helios-engine/cmd/helios-cli/internal/cli/cli.go:90.16,92.3 1 1
github.com/good-night-oppie/helios-engine/cmd/helios-cli/internal/cli/cli.go:94.2,95.16 2 1
github.com/good-night-oppie/helios-engine/cmd/helios-cli/internal/cli/cli.go:95.16,97.3 1 1
github.com/good-night-oppie/helios-engine/cmd/helios-cli/internal/cli/cli.go:99.2,99.38 1 1
github.com/good-night-oppie/helios-engine/cmd/helios-cli/internal/cli/cli.go:103.88,104.30 1 1
github.com/good-night-oppie/helios-engine/cmd/helios-cli/internal/cli/cli.go:104.30,106.3 1 1
github.com/good-night-oppie/helios-engine/cmd/helios-cli/internal/cli/cli.go:108.2,109.16 2 1
github.com/good-night-oppie/helios-engine/cmd/helios-cli/internal/cli/cli.go:109.16,111.3 1 1
github.com/good-night-oppie/helios-engine/cmd/helios-cli/internal/cli/cli.go:113.2,119.16 3 1
github.com/good-night-oppie/helios-engine/cmd/helios-cli/internal/cli/cli.go:119.16,121.3 1 1
github.com/good-night-oppie/helios-engine/cmd/helios-cli/internal/cli/cli.go:123.2,127.39 2 1
github.com/good-night-oppie/helios-engine/cmd/helios-cli/internal/cli/cli.go:131.49,133.16 2 1
github.com/good-night-oppie/helios-engine/cmd/helios-cli/internal/cli/cli.go:133.16,135.3 1 1
github.com/good-night-oppie/helios-engine/cmd/helios-cli/internal/cli/cli.go:137.2,156.39 4 1
github.com/good-night-oppie/helios-engine/cmd/helios-cli/internal/cli/cli.go:160.45,169.51 5 1
github.com/good-night-oppie/helios-engine/cmd/helios-cli/internal/cli/cli.go:169.51,171.3 1 0
github.com/good-night-oppie/helios-engine/cmd/helios-cli/internal/cli/cli.go:172.2,173.16 2 1
github.com/good-night-oppie/helios-engine/cmd/helios-cli/internal/cli/cli.go:173.16,175.3 1 0
github.com/good-night-oppie/helios-engine/cmd/helios-cli/internal/cli/cli.go:176.2,177.17 2 1
