mode: set
github.com/good-night-oppie/helios-engine/pkg/helios/vst/diff.go:10.72,12.9 2 1
github.com/good-night-oppie/helios-engine/pkg/helios/vst/diff.go:12.9,14.3 1 0
github.com/good-night-oppie/helios-engine/pkg/helios/vst/diff.go:16.2,17.9 2 1
github.com/good-night-oppie/helios-engine/pkg/helios/vst/diff.go:17.9,19.3 1 0
github.com/good-night-oppie/helios-engine/pkg/helios/vst/diff.go:21.2,24.42 2 1
github.com/good-night-oppie/helios-engine/pkg/helios/vst/diff.go:24.42,25.49 1 1
github.com/good-night-oppie/helios-engine/pkg/helios/vst/diff.go:25.49,28.4 1 1
github.com/good-night-oppie/helios-engine/pkg/helios/vst/diff.go:28.9,28.49 1 1
github.com/good-night-oppie/helios-engine/pkg/helios/vst/diff.go:28.49,31.4 1 1
github.com/good-night-oppie/helios-engine/pkg/helios/vst/diff.go:35.2,35.27 1 1
github.com/good-night-oppie/helios-engine/pkg/helios/vst/diff.go:35.27,36.43 1 1
github.com/good-night-oppie/helios-engine/pkg/helios/vst/diff.go:36.43,39.4 1 1
github.com/good-night-oppie/helios-engine/pkg/helios/vst/diff.go:42.2,42.19 1 1
github.com/good-night-oppie/helios-engine/pkg/helios/vst/materialize.go:13.112,16.9 3 1
github.com/good-night-oppie/helios-engine/pkg/helios/vst/materialize.go:16.9,18.3 1 0
github.com/good-night-oppie/helios-engine/pkg/helios/vst/materialize.go:20.2,23.34 3 1
github.com/good-night-oppie/helios-engine/pkg/helios/vst/materialize.go:23.34,25.37 1 1
github.com/good-night-oppie/helios-engine/pkg/helios/vst/materialize.go:25.37,26.12 1 1
github.com/good-night-oppie/helios-engine/pkg/helios/vst/materialize.go:29.3,30.63 2 1
github.com/good-night-oppie/helios-engine/pkg/helios/vst/materialize.go:30.63,32.4 1 0
github.com/good-night-oppie/helios-engine/pkg/helios/vst/materialize.go:33.3,33.59 1 1
github.com/good-night-oppie/helios-engine/pkg/helios/vst/materialize.go:33.59,35.4 1 0
github.com/good-night-oppie/helios-engine/pkg/helios/vst/materialize.go:36.3,37.17 2 1
github.com/good-night-oppie/helios-engine/pkg/helios/vst/materialize.go:40.2,44.8 1 1
github.com/good-night-oppie/helios-engine/pkg/helios/vst/materialize.go:48.62,50.27 1 1
github.com/good-night-oppie/helios-engine/pkg/helios/vst/materialize.go:50.27,52.40 2 1
github.com/good-night-oppie/helios-engine/pkg/helios/vst/materialize.go:52.40,53.32 1 1
github.com/good-night-oppie/helios-engine/pkg/helios/vst/materialize.go:53.32,55.10 2 1
github.com/good-night-oppie/helios-engine/pkg/helios/vst/materialize.go:58.3,58.15 1 1
github.com/good-night-oppie/helios-engine/pkg/helios/vst/materialize.go:58.15,60.4 1 1
github.com/good-night-oppie/helios-engine/pkg/helios/vst/materialize.go:64.2,64.27 1 1
github.com/good-night-oppie/helios-engine/pkg/helios/vst/materialize.go:64.27,65.40 1 1
github.com/good-night-oppie/helios-engine/pkg/helios/vst/materialize.go:65.40,66.32 1 1
github.com/good-night-oppie/helios-engine/pkg/helios/vst/materialize.go:66.32,68.5 1 1
github.com/good-night-oppie/helios-engine/pkg/helios/vst/materialize.go:72.2,72.13 1 1
github.com/good-night-oppie/helios-engine/pkg/helios/vst/materialize.go:77.43,79.58 1 1
github.com/good-night-oppie/helios-engine/pkg/helios/vst/materialize.go:79.58,82.3 2 1
github.com/good-night-oppie/helios-engine/pkg/helios/vst/materialize.go:85.2,86.16 2 0
github.com/good-night-oppie/helios-engine/pkg/helios/vst/vst.go:30.17,36.2 1 1
github.com/good-night-oppie/helios-engine/pkg/helios/vst/vst.go:39.65,42.2 2 1
github.com/good-night-oppie/helios-engine/pkg/helios/vst/vst.go:45.60,50.2 4 1
github.com/good-night-oppie/helios-engine/pkg/helios/vst/vst.go:53.39,55.2 1 1
github.com/good-night-oppie/helios-engine/pkg/helios/vst/vst.go:59.53,62.8 2 1
github.com/good-night-oppie/helios-engine/pkg/helios/vst/vst.go:62.8,66.3 3 1
github.com/good-night-oppie/helios-engine/pkg/helios/vst/vst.go:69.2,70.14 2 0
github.com/good-night-oppie/helios-engine/pkg/helios/vst/vst.go:70.14,72.3 1 0
github.com/good-night-oppie/helios-engine/pkg/helios/vst/vst.go:75.2,75.17 1 0
github.com/good-night-oppie/helios-engine/pkg/helios/vst/vst.go:75.17,76.37 1 0
github.com/good-night-oppie/helios-engine/pkg/helios/vst/vst.go:76.37,79.4 1 0
github.com/good-night-oppie/helios-engine/pkg/helios/vst/vst.go:84.2,84.17 1 0
github.com/good-night-oppie/helios-engine/pkg/helios/vst/vst.go:84.17,86.17 2 0
github.com/good-night-oppie/helios-engine/pkg/helios/vst/vst.go:86.17,88.4 1 0
github.com/good-night-oppie/helios-engine/pkg/helios/vst/vst.go:89.3,89.9 1 0
github.com/good-night-oppie/helios-engine/pkg/helios/vst/vst.go:89.9,91.19 1 0
github.com/good-night-oppie/helios-engine/pkg/helios/vst/vst.go:91.19,93.5 1 0
github.com/good-night-oppie/helios-engine/pkg/helios/vst/vst.go:94.4,94.20 1 0
github.com/good-night-oppie/helios-engine/pkg/helios/vst/vst.go:98.2,98.17 1 0
github.com/good-night-oppie/helios-engine/pkg/helios/vst/vst.go:102.81,108.28 4 1
github.com/good-night-oppie/helios-engine/pkg/helios/vst/vst.go:108.28,113.3 4 1
github.com/good-night-oppie/helios-engine/pkg/helios/vst/vst.go:120.2,122.35 3 1
github.com/good-night-oppie/helios-engine/pkg/helios/vst/vst.go:122.35,124.17 2 1
github.com/good-night-oppie/helios-engine/pkg/helios/vst/vst.go:124.17,126.4 1 0
github.com/good-night-oppie/helios-engine/pkg/helios/vst/vst.go:127.3,132.18 3 1
github.com/good-night-oppie/helios-engine/pkg/helios/vst/vst.go:132.18,137.4 1 1
github.com/good-night-oppie/helios-engine/pkg/helios/vst/vst.go:141.2,141.42 1 1
github.com/good-night-oppie/helios-engine/pkg/helios/vst/vst.go:141.42,142.53 1 1
github.com/good-night-oppie/helios-engine/pkg/helios/vst/vst.go:142.53,144.4 1 0
github.com/good-night-oppie/helios-engine/pkg/helios/vst/vst.go:148.2,149.60 2 1
github.com/good-night-oppie/helios-engine/pkg/helios/vst/vst.go:149.60,151.3 1 1
github.com/good-night-oppie/helios-engine/pkg/helios/vst/vst.go:154.2,154.38 1 1
github.com/good-night-oppie/helios-engine/pkg/helios/vst/vst.go:154.38,156.31 2 1
github.com/good-night-oppie/helios-engine/pkg/helios/vst/vst.go:156.31,158.4 1 1
github.com/good-night-oppie/helios-engine/pkg/helios/vst/vst.go:159.3,164.18 4 1
github.com/good-night-oppie/helios-engine/pkg/helios/vst/vst.go:164.18,167.31 3 1
github.com/good-night-oppie/helios-engine/pkg/helios/vst/vst.go:167.31,169.5 1 0
github.com/good-night-oppie/helios-engine/pkg/helios/vst/vst.go:172.3,172.22 1 1
github.com/good-night-oppie/helios-engine/pkg/helios/vst/vst.go:177.2,178.28 2 1
github.com/good-night-oppie/helios-engine/pkg/helios/vst/vst.go:178.28,180.3 1 1
github.com/good-night-oppie/helios-engine/pkg/helios/vst/vst.go:181.2,181.42 1 1
github.com/good-night-oppie/helios-engine/pkg/helios/vst/vst.go:181.42,183.15 2 1
github.com/good-night-oppie/helios-engine/pkg/helios/vst/vst.go:183.15,185.4 1 1
github.com/good-night-oppie/helios-engine/pkg/helios/vst/vst.go:186.3,186.17 1 0
github.com/good-night-oppie/helios-engine/pkg/helios/vst/vst.go:189.2,190.28 2 1
github.com/good-night-oppie/helios-engine/pkg/helios/vst/vst.go:190.28,198.37 3 1
github.com/good-night-oppie/helios-engine/pkg/helios/vst/vst.go:198.37,200.46 1 1
github.com/good-night-oppie/helios-engine/pkg/helios/vst/vst.go:200.46,201.13 1 1
github.com/good-night-oppie/helios-engine/pkg/helios/vst/vst.go:203.4,203.34 1 1
github.com/good-night-oppie/helios-engine/pkg/helios/vst/vst.go:209.3,209.33 1 1
github.com/good-night-oppie/helios-engine/pkg/helios/vst/vst.go:209.33,210.18 1 1
github.com/good-night-oppie/helios-engine/pkg/helios/vst/vst.go:210.18,211.13 1 1
github.com/good-night-oppie/helios-engine/pkg/helios/vst/vst.go:214.4,214.32 1 1
github.com/good-night-oppie/helios-engine/pkg/helios/vst/vst.go:214.32,215.37 1 1
github.com/good-night-oppie/helios-engine/pkg/helios/vst/vst.go:215.37,217.33 2 1
github.com/good-night-oppie/helios-engine/pkg/helios/vst/vst.go:217.33,218.15 1 0
github.com/good-night-oppie/helios-engine/pkg/helios/vst/vst.go:220.6,220.80 1 1
github.com/good-night-oppie/helios-engine/pkg/helios/vst/vst.go:226.3,227.17 2 1
github.com/good-night-oppie/helios-engine/pkg/helios/vst/vst.go:227.17,229.4 1 0
github.com/good-night-oppie/helios-engine/pkg/helios/vst/vst.go:230.3,230.18 1 1
github.com/good-night-oppie/helios-engine/pkg/helios/vst/vst.go:233.2,234.39 2 1
github.com/good-night-oppie/helios-engine/pkg/helios/vst/vst.go:234.39,237.17 2 1
github.com/good-night-oppie/helios-engine/pkg/helios/vst/vst.go:237.17,239.4 1 0
github.com/good-night-oppie/helios-engine/pkg/helios/vst/vst.go:240.3,240.11 1 1
github.com/good-night-oppie/helios-engine/pkg/helios/vst/vst.go:243.2,253.25 4 1
github.com/good-night-oppie/helios-engine/pkg/helios/vst/vst.go:256.26,257.37 1 1
github.com/good-night-oppie/helios-engine/pkg/helios/vst/vst.go:257.37,259.3 1 1
github.com/good-night-oppie/helios-engine/pkg/helios/vst/vst.go:260.2,260.67 1 1
github.com/good-night-oppie/helios-engine/pkg/helios/vst/vst.go:264.50,266.9 2 1
github.com/good-night-oppie/helios-engine/pkg/helios/vst/vst.go:266.9,268.3 1 1
github.com/good-night-oppie/helios-engine/pkg/helios/vst/vst.go:269.2,271.27 3 1
github.com/good-night-oppie/helios-engine/pkg/helios/vst/vst.go:271.27,277.17 5 1
github.com/good-night-oppie/helios-engine/pkg/helios/vst/vst.go:277.17,279.4 1 0
github.com/good-night-oppie/helios-engine/pkg/helios/vst/vst.go:280.3,280.20 1 1
github.com/good-night-oppie/helios-engine/pkg/helios/vst/vst.go:282.2,284.12 3 1
github.com/good-night-oppie/helios-engine/pkg/helios/vst/vst.go:287.35,288.22 1 1
github.com/good-night-oppie/helios-engine/pkg/helios/vst/vst.go:288.22,290.3 1 1
github.com/good-night-oppie/helios-engine/pkg/helios/vst/vst.go:291.2,291.19 1 1
github.com/good-night-oppie/helios-engine/pkg/helios/vst/vst.go:291.19,292.19 1 1
github.com/good-night-oppie/helios-engine/pkg/helios/vst/vst.go:292.19,294.4 1 1
github.com/good-night-oppie/helios-engine/pkg/helios/vst/vst.go:296.2,296.13 1 1
github.com/good-night-oppie/helios-engine/pkg/helios/vst/vst.go:300.44,301.17 1 0
github.com/good-night-oppie/helios-engine/pkg/helios/vst/vst.go:301.17,303.3 1 0
github.com/good-night-oppie/helios-engine/pkg/helios/vst/vst.go:304.2,304.29 1 0
